生成启动时间为 2014/7/9 9:53:02。
     1>项目“D:\小学期\Task3\Task3\Task3\Task3.vcxproj”在节点 2 上(Build 个目标)。
     1>ClCompile:
         C:\Program Files\Microsoft Visual Studio 11.0\VC\bin\CL.exe /c /Zi /nologo /W3 /WX- /O2 /Oi /Oy- /GL /D WIN32 /D NDEBUG /D _CONSOLE /D _UNICODE /D UNICODE /Gm- /EHsc /MD /GS /Gy /fp:precise /Zc:wchar_t /Zc:forScope /Fo"Release\\" /Fd"Release\vc110.pdb" /Gd /TP /analyze- /errorReport:prompt ConcreateBeFile.cpp ConcreateBeIterator.cpp ConcreateFile.cpp ConcreateIterator.cpp main.cpp
         ConcreateBeFile.cpp
         ConcreateBeIterator.cpp
         ConcreateFile.cpp
         ConcreateIterator.cpp
         main.cpp
       Link:
         C:\Program Files\Microsoft Visual Studio 11.0\VC\bin\link.exe /ERRORREPORT:PROMPT /OUT:"D:\小学期\Task3\Task3\Release\Task3.exe" /INCREMENTAL:NO /NOLOGO kernel32.lib user32.lib gdi32.lib winspool.lib comdlg32.lib advapi32.lib shell32.lib ole32.lib oleaut32.lib uuid.lib odbc32.lib odbccp32.lib /MANIFEST /MANIFESTUAC:"level='asInvoker' uiAccess='false'" /manifest:embed /DEBUG /PDB:"D:\小学期\Task3\Task3\Release\Task3.pdb" /SUBSYSTEM:CONSOLE /OPT:REF /OPT:ICF /LTCG /TLBID:1 /DYNAMICBASE /NXCOMPAT /IMPLIB:"D:\小学期\Task3\Task3\Release\Task3.lib" /MACHINE:X86 /SAFESEH Release\ConcreateBeFile.obj
         Release\ConcreateBeIterator.obj
         Release\ConcreateFile.obj
         Release\ConcreateIterator.obj
         Release\main.obj
         正在生成代码
         已完成代码的生成
         Task3.vcxproj -> D:\小学期\Task3\Task3\Release\Task3.exe
     1>已完成生成项目“D:\小学期\Task3\Task3\Task3\Task3.vcxproj”(Build 个目标)的操作。

生成成功。

已用时间 00:00:02.44
